#
# A fatal error has been detected by the Java Runtime Environment:
#
#  Internal Error (javaClasses.cpp:136), pid=8144, tid=8544
#  fatal error: Invalid layout of preloaded class
#
# JRE version:  (7.0_45-b18) (build )
# Java VM: Java HotSpot(TM) Client VM (24.45-b08 mixed mode windows-x86 )
# Failed to write core dump. Minidumps are not enabled by default on client versions of Windows
#
# If you would like to submit a bug report, please visit:
#   http://bugreport.sun.com/bugreport/crash.jsp
#

---------------  T H R E A D  ---------------

Current thread (0x0100c400):  JavaThread "Unknown thread" [_thread_in_vm, id=8544, stack(0x011f0000,0x01240000)]

Stack: [0x011f0000,0x01240000],  sp=0x0123f9e4,  free space=318k
Native frames: (J=compiled Java code, j=interpreted, Vv=VM code, C=native code)
V  [jvm.dll+0x18df51]
V  [jvm.dll+0x187cc6]
V  [jvm.dll+0x3586a]
V  [jvm.dll+0x358f6]
V  [jvm.dll+0x4400d]
V  [jvm.dll+0x442be]
V  [jvm.dll+0x9263a]
V  [jvm.dll+0x929eb]
V  [jvm.dll+0x13daf1]
V  [jvm.dll+0x1605fc]
V  [jvm.dll+0xc8ebf]
C  [javaw.exe+0x13ce]
C  [javaw.exe+0x1e40]
C  [javaw.exe+0xa5b1]
C  [javaw.exe+0xa63b]
C  [kernel32.dll+0x1336a]
C  [ntdll.dll+0x39f72]
C  [ntdll.dll+0x39f45]


---------------  P R O C E S S  ---------------

Java Threads: ( => current thread )

Other Threads:

=>0x0100c400 (exited) JavaThread "Unknown thread" [_thread_in_vm, id=8544, stack(0x011f0000,0x01240000)]

VM state:not at safepoint (not fully initialized)

VM Mutex/Monitor currently owned by a thread: None

GC Heap History (0 events):
No events

Deoptimization events (0 events):
No events

Internal exceptions (0 events):
No events

Events (10 events):
Event: 0.017 loading class 0x01049030 done
Event: 0.017 loading class 0x01048ac0 done
Event: 0.017 loading class 0x01048aa0
Event: 0.017 loading class 0x0104fdc8
Event: 0.017 loading class 0x0104fdc8 done
Event: 0.017 loading class 0x0104fdf8
Event: 0.017 loading class 0x0104fdf8 done
Event: 0.017 loading class 0x0104fe28
Event: 0.017 loading class 0x0104fe28 done
Event: 0.018 loading class 0x01048aa0 done


Dynamic libraries:
0x01390000 - 0x013bf000 	C:\Program Files (x86)\Java\jdk1.7.0_45\bin\javaw.exe
0x77880000 - 0x77a00000 	C:\Windows\SysWOW64\ntdll.dll
0x76720000 - 0x76830000 	C:\Windows\syswow64\kernel32.dll
0x766b0000 - 0x766f7000 	C:\Windows\syswow64\KERNELBASE.dll
0x772a0000 - 0x77340000 	C:\Windows\syswow64\ADVAPI32.dll
0x76a70000 - 0x76b1c000 	C:\Windows\syswow64\msvcrt.dll
0x76700000 - 0x76719000 	C:\Windows\SysWOW64\sechost.dll
0x74eb0000 - 0x74fa0000 	C:\Windows\syswow64\RPCRT4.dll
0x74e40000 - 0x74ea0000 	C:\Windows\syswow64\SspiCli.dll
0x74e30000 - 0x74e3c000 	C:\Windows\syswow64\CRYPTBASE.dll
0x768f0000 - 0x769f0000 	C:\Windows\syswow64\USER32.dll
0x77020000 - 0x770b0000 	C:\Windows\syswow64\GDI32.dll
0x76d80000 - 0x76d8a000 	C:\Windows\syswow64\LPK.dll
0x76ce0000 - 0x76d7d000 	C:\Windows\syswow64\USP10.dll
0x71c00000 - 0x71d9e000 	C:\Windows\WinSxS\x86_microsoft.windows.common-controls_6595b64144ccf1df_6.0.7601.17514_none_41e6975e2bd6f2b2\COMCTL32.dll
0x74fd0000 - 0x75027000 	C:\Windows\syswow64\SHLWAPI.dll
0x75560000 - 0x755c0000 	C:\Windows\system32\IMM32.DLL
0x75430000 - 0x754fc000 	C:\Windows\syswow64\MSCTF.dll
0x6c9b0000 - 0x6ca6f000 	C:\Program Files (x86)\Java\jdk1.7.0_45\jre\bin\msvcr100.dll
0x6aa30000 - 0x6adb0000 	C:\Program Files (x86)\Java\jdk1.7.0_45\jre\bin\client\jvm.dll
0x724a0000 - 0x724a7000 	C:\Windows\system32\WSOCK32.dll
0x768b0000 - 0x768e5000 	C:\Windows\syswow64\WS2_32.dll
0x758e0000 - 0x758e6000 	C:\Windows\syswow64\NSI.dll
0x755c0000 - 0x755f2000 	C:\Windows\syswow64\WINMM.dll
0x75090000 - 0x75095000 	C:\Windows\syswow64\PSAPI.DLL
0x74470000 - 0x7447c000 	C:\Program Files (x86)\Java\jdk1.7.0_45\jre\bin\verify.dll
0x71360000 - 0x71380000 	C:\Program Files (x86)\Java\jdk1.7.0_45\jre\bin\java.dll
0x70360000 - 0x70373000 	C:\Program Files (x86)\Java\jdk1.7.0_45\jre\bin\zip.dll
0x74ac0000 - 0x74bab000 	C:\Windows\system32\dbghelp.dll

VM Arguments:
jvm_args: -Dfile.encoding=UTF-8 -Xbootclasspath:D:\harvest\android-sdk_r22.2.1-windows\android-sdk-windows\platforms\android-19\android.jar 
java_command: com.example.horizontalview.GetEmotionsTask
Launcher Type: SUN_STANDARD

Environment Variables:
JAVA_HOME=C:\Program Files (x86)\Java\jdk1.7.0_45
CLASSPATH=C:\Program Files (x86)\Java\jdk1.7.0_45\lib\tools.jar;C:\Program Files (x86)\Java\jdk1.7.0_45\lib\dt.jar
PATH=C:/Program Files (x86)/Java/jre7/bin/client;C:/Program Files (x86)/Java/jre7/bin;C:/Program Files (x86)/Java/jre7/lib/i386;E:\oraclexe\app\oracle\product\10.2.0\server\bin;e:\EPT-Tools\EPT-Dev\QtSDK\qt\bin;e:\EPT-Tools\EPT-Dev\QtSDK\mingw\bin;e:\EPT-Tools\EPT-Dev\QtSDK\mingw\mingw32\bin;e:\EPT-Tools\EPT-Dev\EPT\Sourcery G++ Lite\bin;e:\app\client\Administrator\product\12.1.0\client_1\bin;e:\app\Administrator\product\12.1.0\dbhome_1\bin;C:\Windows\system32;C:\Windows;C:\Windows\System32\Wbem;C:\Windows\System32\WindowsPowerShell\v1.0\;C:\Program Files (x86)\Java\jdk1.7.0_45\bin;C:\Program Files (x86)\Java\jdk1.7.0_45\jre\bin;E:\Program Files\SlikSvn\bin;D:\harvest\android-sdk_r22.2.1-windows\android-sdk-windows\tools;D:\harvest\android-sdk_r22.2.1-windows\android-sdk-windows\platform-tools;E:\Program Files (x86)\EPT-Tools\Download Tool\dl;E:\Program Files\nodejs\;D:\Android¹¤¾ß\apache-ant-1.9.3-bin\apache-ant-1.9.3\bin;D:\maven\apache-maven-3.2.1-bin\apache-maven-3.2.1\bin;D:\software\tomcat\apache-tomcat-7.0.52-windows-x86\apache-tomcat-7.0.52\bin;;D:\harvest\eclipse-jee-kepler-SR1-win32\eclipse;
USERNAME=Administrator
OS=Windows_NT
PROCESSOR_IDENTIFIER=Intel64 Family 6 Model 58 Stepping 9, GenuineIntel



---------------  S Y S T E M  ---------------

OS: Windows 7 , 64 bit Build 7601 Service Pack 1

CPU:total 4 (2 cores per cpu, 2 threads per core) family 6 model 58 stepping 9, cmov, cx8, fxsr, mmx, sse, sse2, sse3, ssse3, sse4.1, sse4.2, popcnt, avx, erms, ht, tsc, tscinvbit, tscinv

Memory: 4k page, physical 3884700k(205532k free), swap 8010756k(857736k free)

vm_info: Java HotSpot(TM) Client VM (24.45-b08) for windows-x86 JRE (1.7.0_45-b18), built on Oct  8 2013 06:02:43 by "java_re" with unknown MS VC++:1600

time: Tue May 06 15:05:50 2014
elapsed time: 0 seconds

